This is pdfTeX, Version 3.141592653-2.6-1.40.25 (MiKTeX 23.5) (preloaded format=pdflatex 2023.7.25)  25 JUL 2023 11:30
entering extended mode
 restricted \write18 enabled.
 %&-line parsing enabled.
**./acet.tex
(acet.tex
LaTeX2e <2023-06-01> patch level 1
L3 programming layer <2023-06-30>
(C:\Users\kheng\AppData\Local\Programs\MiKTeX\tex/latex/base\article.cls
Document Class: article 2023/05/17 v1.4n Standard LaTeX document class
(C:\Users\kheng\AppData\Local\Programs\MiKTeX\tex/latex/base\size11.clo
File: size11.clo 2023/05/17 v1.4n Standard LaTeX file (size option)
)
\c@part=\count185
\c@section=\count186
\c@subsection=\count187
\c@subsubsection=\count188
\c@paragraph=\count189
\c@subparagraph=\count190
\c@figure=\count191
\c@table=\count192
\abovecaptionskip=\skip48
\belowcaptionskip=\skip49
\bibindent=\dimen140
)
(acet.sty
Submission Style for IJCKS2007 (ifdim fixed version)
) (C:\Users\kheng\AppData\Local\Programs\MiKTeX\tex/latex/psnfss\times.sty
Package: times 2020/03/25 PSNFSS-v9.3 (SPQR) 
)
(C:\Users\kheng\AppData\Local\Programs\MiKTeX\tex/latex/base\latexsym.sty
Package: latexsym 1998/08/17 v2.2e Standard LaTeX package (lasy symbols)
\symlasy=\mathgroup4
LaTeX Font Info:    Overwriting symbol font `lasy' in version `bold'
(Font)                  U/lasy/m/n --> U/lasy/b/n on input line 52.
)
(C:\Users\kheng\AppData\Local\Programs\MiKTeX\tex/latex/url\url.sty
\Urlmuskip=\muskip16
Package: url 2013/09/16  ver 3.4  Verb mode for urls, etc.
)
(C:\Users\kheng\AppData\Local\Programs\MiKTeX\tex/latex/graphics\color.sty
Package: color 2022/01/06 v1.3d Standard LaTeX Color (DPC)

(C:\Users\kheng\AppData\Local\Programs\MiKTeX\tex/latex/graphics-cfg\color.cfg
File: color.cfg 2016/01/02 v1.6 sample color configuration
)
Package color Info: Driver file: pdftex.def on input line 149.

(C:\Users\kheng\AppData\Local\Programs\MiKTeX\tex/latex/graphics-def\pdftex.def
File: pdftex.def 2022/09/22 v1.2b Graphics/color driver for pdftex
)
(C:\Users\kheng\AppData\Local\Programs\MiKTeX\tex/latex/graphics\mathcolor.ltx)
) (C:\Users\kheng\AppData\Local\Programs\MiKTeX\tex/latex/graphics\graphicx.sty
Package: graphicx 2021/09/16 v1.2d Enhanced LaTeX Graphics (DPC,SPQR)
(C:\Users\kheng\AppData\Local\Programs\MiKTeX\tex/latex/graphics\keyval.sty
Package: keyval 2022/05/29 v1.15 key=value parser (DPC)
\KV@toks@=\toks17
)
(C:\Users\kheng\AppData\Local\Programs\MiKTeX\tex/latex/graphics\graphics.sty
Package: graphics 2022/03/10 v1.4e Standard LaTeX Graphics (DPC,SPQR)

(C:\Users\kheng\AppData\Local\Programs\MiKTeX\tex/latex/graphics\trig.sty
Package: trig 2021/08/11 v1.11 sin cos tan (DPC)
)
(C:\Users\kheng\AppData\Local\Programs\MiKTeX\tex/latex/graphics-cfg\graphics.c
fg
File: graphics.cfg 2016/06/04 v1.11 sample graphics configuration
)
Package graphics Info: Driver file: pdftex.def on input line 107.
)
\Gin@req@height=\dimen141
\Gin@req@width=\dimen142
)
LaTeX Font Info:    Trying to load font information for OT1+ptm on input line 3
1.
 (C:\Users\kheng\AppData\Local\Programs\MiKTeX\tex/latex/psnfss\ot1ptm.fd
File: ot1ptm.fd 2001/06/04 font definitions for OT1/ptm.
)
(C:\Users\kheng\AppData\Local\Programs\MiKTeX\tex/latex/l3backend\l3backend-pdf
tex.def
File: l3backend-pdftex.def 2023-04-19 L3 backend support: PDF output (pdfTeX)
\l__color_backend_stack_int=\count193
\l__pdf_internal_box=\box51
)
No file acet.aux.
\openout1 = `acet.aux'.

LaTeX Font Info:    Checking defaults for OML/cmm/m/it on input line 31.
LaTeX Font Info:    ... okay on input line 31.
LaTeX Font Info:    Checking defaults for OMS/cmsy/m/n on input line 31.
LaTeX Font Info:    ... okay on input line 31.
LaTeX Font Info:    Checking defaults for OT1/cmr/m/n on input line 31.
LaTeX Font Info:    ... okay on input line 31.
LaTeX Font Info:    Checking defaults for T1/cmr/m/n on input line 31.
LaTeX Font Info:    ... okay on input line 31.
LaTeX Font Info:    Checking defaults for TS1/cmr/m/n on input line 31.
LaTeX Font Info:    ... okay on input line 31.
LaTeX Font Info:    Checking defaults for OMX/cmex/m/n on input line 31.
LaTeX Font Info:    ... okay on input line 31.
LaTeX Font Info:    Checking defaults for U/cmr/m/n on input line 31.
LaTeX Font Info:    ... okay on input line 31.

(C:\Users\kheng\AppData\Local\Programs\MiKTeX\tex/context/base/mkii\supp-pdf.mk
ii
[Loading MPS to PDF converter (version 2006.09.02).]
\scratchcounter=\count194
\scratchdimen=\dimen143
\scratchbox=\box52
\nofMPsegments=\count195
\nofMParguments=\count196
\everyMPshowfont=\toks18
\MPscratchCnt=\count197
\MPscratchDim=\dimen144
\MPnumerator=\count198
\makeMPintoPDFobject=\count199
\everyMPtoPDFconversion=\toks19
)
(C:\Users\kheng\AppData\Local\Programs\MiKTeX\tex/latex/epstopdf-pkg\epstopdf-b
ase.sty
Package: epstopdf-base 2020-01-24 v2.11 Base part for package epstopdf
Package epstopdf-base Info: Redefining graphics rule for `.eps' on input line 4
85.

(C:\Users\kheng\AppData\Local\Programs\MiKTeX\tex/latex/00miktex\epstopdf-sys.c
fg
File: epstopdf-sys.cfg 2021/03/18 v2.0 Configuration of epstopdf for MiKTeX
))
LaTeX Font Info:    External font `cmex10' loaded for size
(Font)              <12> on input line 32.
LaTeX Font Info:    External font `cmex10' loaded for size
(Font)              <8> on input line 32.
LaTeX Font Info:    External font `cmex10' loaded for size
(Font)              <6> on input line 32.
LaTeX Font Info:    Trying to load font information for U+lasy on input line 32
.
 (C:\Users\kheng\AppData\Local\Programs\MiKTeX\tex/latex/base\ulasy.fd
File: ulasy.fd 1998/08/17 v2.2e LaTeX symbol font definitions
)
LaTeX Font Info:    Trying to load font information for OT1+pcr on input line 3
2.

(C:\Users\kheng\AppData\Local\Programs\MiKTeX\tex/latex/psnfss\ot1pcr.fd
File: ot1pcr.fd 2001/06/04 font definitions for OT1/pcr.
)
LaTeX Font Info:    Trying to load font information for OMS+pcr on input line 3
2.

(C:\Users\kheng\AppData\Local\Programs\MiKTeX\tex/latex/psnfss\omspcr.fd
File: omspcr.fd 
)
LaTeX Font Info:    Font shape `OMS/pcr/m/n' in size <12> not available
(Font)              Font shape `OMS/cmsy/m/n' tried instead on input line 32.
LaTeX Font Info:    External font `cmex10' loaded for size
(Font)              <10.95> on input line 61.

Underfull \hbox (badness 3189) in paragraph at lines 61--62
\OT1/ptm/m/n/10.95 the bib-li-og-ra-phy style file are avail-able at
 []


Underfull \hbox (badness 10000) in paragraph at lines 61--62
\OT1/pcr/m/n/10.95 https : / / github . com / CADT / ACET _
 []


Underfull \hbox (badness 10000) in paragraph at lines 61--62
\OT1/pcr/m/n/10.95 2023 _ templates / tree / main / paper/$\OT1/ptm/m/n/10.95 .

 []

[0{C:/Users/kheng/AppData/Local/MiKTeX/fonts/map/pdftex/pdftex.map}{C:/Users/kh
eng/AppData/Local/Programs/MiKTeX/fonts/enc/dvips/base/8r.enc}



]

LaTeX Warning: Citation `ACM:83' on page 1 undefined on input line 132.


LaTeX Warning: Citation `APA' on page 1 undefined on input line 132.


LaTeX Warning: Citation `Vichet_2015' on page 1 undefined on input line 132.


LaTeX Warning: Citation `Ye_KhmerSMT_2015' on page 1 undefined on input line 13
2.


LaTeX Warning: Citation `Ye_KhmerPOS_2017' on page 1 undefined on input line 13
2.


LaTeX Warning: Reference `sampleimg' on page 1 undefined on input line 143.

<./fig/ACET_logo.png, id=10, 380.8629pt x 212.4738pt>
File: ./fig/ACET_logo.png Graphic file (type png)
<use ./fig/ACET_logo.png>
Package pdftex.def Info: ./fig/ACET_logo.png  used on input line 147.
(pdftex.def)             Requested size: 199.16928pt x 111.10948pt.

LaTeX Warning: Reference `fontstyle' on page 1 undefined on input line 156.


Underfull \hbox (badness 10000) in paragraph at lines 161--162
\OT1/ptm/m/n/10.95 The max-i-mum length of camera-ready
 []


Underfull \hbox (badness 2096) in paragraph at lines 161--162
\OT1/ptm/m/n/10.95 All il-lus-tra-tions, ref-er-ences, and ap-pen-dices
 []


Underfull \hbox (badness 10000) in paragraph at lines 165--170
\OT1/ptm/m/n/10.95 For more in-for-ma-tion or queries com-
 []


Underfull \hbox (badness 6995) in paragraph at lines 165--170
\OT1/ptm/m/n/10.95 ply-ing to the sub-mis-sion pro-cess, e-mail
 []

[1 <./fig/ACET_logo.png>]
Underfull \hbox (badness 1783) in paragraph at lines 173--175
\OT1/ptm/m/n/10.95 a mod-i-fi-ca-tion of ONA 2018, SNLP 2013,
 []

No file acet.bbl.
[2

] (acet.aux)
 ***********
LaTeX2e <2023-06-01> patch level 1
L3 programming layer <2023-06-30>
 ***********


LaTeX Warning: There were undefined references.


LaTeX Warning: Label(s) may have changed. Rerun to get cross-references right.

 ) 
Here is how much of TeX's memory you used:
 1687 strings out of 475550
 28508 string characters out of 5762533
 1932238 words of memory out of 5000000
 22904 multiletter control sequences out of 15000+600000
 573315 words of font info for 69 fonts, out of 8000000 for 9000
 1141 hyphenation exceptions out of 8191
 57i,12n,65p,402b,349s stack positions out of 10000i,1000n,20000p,200000b,200000s
<C:/Users/kheng/AppData/Local/Programs/MiKTeX/fonts/type1/public/amsfonts/cm/
cmsy10.pfb><C:/Users/kheng/AppData/Local/Programs/MiKTeX/fonts/type1/public/ams
fonts/cm/cmsy8.pfb><C:/Users/kheng/AppData/Local/Programs/MiKTeX/fonts/type1/ur
w/courier/ucrr8a.pfb><C:/Users/kheng/AppData/Local/Programs/MiKTeX/fonts/type1/
urw/times/utmb8a.pfb><C:/Users/kheng/AppData/Local/Programs/MiKTeX/fonts/type1/
urw/times/utmr8a.pfb>
Output written on acet.pdf (3 pages, 116038 bytes).
PDF statistics:
 41 PDF objects out of 1000 (max. 8388607)
 0 named destinations out of 1000 (max. 500000)
 6 words of extra memory for PDF output out of 10000 (max. 10000000)

